c:\ımage processıng ıntern\ımageprocessıngınternproject\opengl_on_wındows_form\x64\debug\vc141.pdb
c:\ımage processıng ıntern\ımageprocessıngınternproject\opengl_on_wındows_form\x64\debug\wındowsform.obj
c:\ımage processıng ıntern\ımageprocessıngınternproject\opengl_on_wındows_form\x64\debug\progressbarform.obj
c:\ımage processıng ıntern\ımageprocessıngınternproject\opengl_on_wındows_form\x64\debug\fıleprocesses.obj
c:\ımage processıng ıntern\ımageprocessıngınternproject\opengl_on_wındows_form\x64\debug\.netframework,versıon=v4.6.1.assemblyattrıbutes.obj
c:\ımage processıng ıntern\ımageprocessıngınternproject\opengl_on_wındows_form\x64\debug\.netframework,versıon=v4.6.1.assemblyattrıbutes.asm
c:\ımage processıng ıntern\ımageprocessıngınternproject\x64\debug\opengl_on_wındows_form.exe
c:\ımage processıng ıntern\ımageprocessıngınternproject\x64\debug\opengl_on_wındows_form.pdb
c:\ımage processıng ıntern\ımageprocessıngınternproject\opengl_on_wındows_form\x64\debug\opengl_o.f283336a.tlog\metagen.wrıte.1.tlog
c:\ımage processing ıntern\ımageprocessingınternproject\x64\debug\opentk.dll
c:\ımage processing ıntern\ımageprocessingınternproject\x64\debug\opentk.glcontrol.dll
c:\ımage processing ıntern\ımageprocessingınternproject\x64\debug\opentk.pdb
c:\ımage processing ıntern\ımageprocessingınternproject\x64\debug\opentk.xml
c:\ımage processing ıntern\ımageprocessingınternproject\x64\debug\opentk.dll.config
c:\ımage processing ıntern\ımageprocessingınternproject\x64\debug\opentk.glcontrol.xml
c:\ımage processing ıntern\ımageprocessingınternproject\opengl_on_windows_form\x64\debug\openglonwindowsform.progressbarform.resources
c:\ımage processing ıntern\ımageprocessingınternproject\opengl_on_windows_form\x64\debug\openglonwindowsform.windowsform.resources
c:\ımage processing ıntern\ımageprocessingınternproject\opengl_on_windows_form\x64\debug\opengl_on_windows_form.vcxproj.generateresource.cache
c:\ımage processing ıntern\ımageprocessingınternproject\opengl_on_windows_form\x64\debug\opengl_on_windows_form.vcxprojassemblyreference.cache
c:\ımage processing ıntern\ımageprocessingınternproject\opengl_on_windows_form\x64\debug\.netframework,version=v4.6.1.assemblyattributes.obj
c:\ımage processing ıntern\ımageprocessingınternproject\opengl_on_windows_form\x64\debug\fileprocesses.obj
c:\ımage processing ıntern\ımageprocessingınternproject\opengl_on_windows_form\x64\debug\progressbarform.obj
c:\ımage processing ıntern\ımageprocessingınternproject\opengl_on_windows_form\x64\debug\windowsform.obj
c:\ımage processing ıntern\ımageprocessingınternproject\opengl_on_windows_form\x64\debug\vc141.pdb
c:\ımage processing ıntern\ımageprocessingınternproject\x64\debug\opengl_on_windows_form.pdb
c:\ımage processing ıntern\ımageprocessingınternproject\x64\debug\opengl_on_windows_form.exe
c:\ımage processing ıntern\ımageprocessingınternproject\opengl_on_windows_form\x64\debug\opengl_o.f283336a.tlog\cl.command.1.tlog
c:\ımage processing ıntern\ımageprocessingınternproject\opengl_on_windows_form\x64\debug\opengl_o.f283336a.tlog\cl.read.1.tlog
c:\ımage processing ıntern\ımageprocessingınternproject\opengl_on_windows_form\x64\debug\opengl_o.f283336a.tlog\cl.write.1.tlog
c:\ımage processing ıntern\ımageprocessingınternproject\opengl_on_windows_form\x64\debug\opengl_o.f283336a.tlog\link.command.1.tlog
c:\ımage processing ıntern\ımageprocessingınternproject\opengl_on_windows_form\x64\debug\opengl_o.f283336a.tlog\link.read.1.tlog
c:\ımage processing ıntern\ımageprocessingınternproject\opengl_on_windows_form\x64\debug\opengl_o.f283336a.tlog\link.write.1.tlog
c:\ımage processing ıntern\ımageprocessingınternproject\opengl_on_windows_form\x64\debug\opengl_o.f283336a.tlog\metagen.read.1.tlog
c:\ımage processing ıntern\ımageprocessingınternproject\opengl_on_windows_form\x64\debug\opengl_o.f283336a.tlog\metagen.write.1.tlog
c:\ımage processing ıntern\ımageprocessingınternproject\opengl_on_windows_form\x64\debug\opengl_o.f283336a.tlog\opengl_on_windows_form.write.1u.tlog
c:\ımage processing ıntern\ımageprocessingınternproject\opengl_on_windows_form\x64\debug\opengl_o.f283336a.tlog\opentk.dll.metagen
c:\ımage processing ıntern\ımageprocessingınternproject\opengl_on_windows_form\x64\debug\opengl_o.f283336a.tlog\opentk.glcontrol.dll.metagen
c:\ımage processing ıntern\ımageprocessingınternproject\opengl_on_windows_form\x64\debug\opengl_o.f283336a.tlog\system.data.dll.metagen
c:\ımage processing ıntern\ımageprocessingınternproject\opengl_on_windows_form\x64\debug\opengl_o.f283336a.tlog\system.dll.metagen
c:\ımage processing ıntern\ımageprocessingınternproject\opengl_on_windows_form\x64\debug\opengl_o.f283336a.tlog\system.drawıng.dll.metagen
c:\ımage processing ıntern\ımageprocessingınternproject\opengl_on_windows_form\x64\debug\opengl_o.f283336a.tlog\system.wındows.forms.dll.metagen
c:\ımage processing ıntern\ımageprocessingınternproject\opengl_on_windows_form\x64\debug\opengl_o.f283336a.tlog\system.xml.dll.metagen
c:\ımage processing ıntern\ımageprocessingınternproject\opengl_on_windows_form\x64\debug\opengl_o.f283336a.tlog\cluı.dll.bi
